#
# There is insufficient memory for the Java Runtime Environment to continue.
# Native memory allocation (malloc) failed to allocate 270096 bytes for Chunk::new
# Possible reasons:
#   The system is out of physical RAM or swap space
#   The process is running with CompressedOops enabled, and the Java Heap may be blocking the growth of the native heap
# Possible solutions:
#   Reduce memory load on the system
#   Increase physical memory or swap space
#   Check if swap backing store is full
#   Decrease Java heap size (-Xmx/-Xms)
#   Decrease number of Java threads
#   Decrease Java thread stack sizes (-Xss)
#   Set larger code cache with -XX:ReservedCodeCacheSize=
#   JVM is running with Unscaled Compressed Oops mode in which the Java heap is
#     placed in the first 4GB address space. The Java Heap base address is the
#     maximum limit for the native heap growth. Please use -XX:HeapBaseMinAddress
#     to set the Java Heap base and to place the Java Heap above 4GB virtual address.
# This output file may be truncated or incomplete.
#
#  Out of Memory Error (./src/hotspot/share/memory/arena.cpp:197), pid=3808, tid=4552
#
# JRE version: OpenJDK Runtime Environment (11.0.12+7) (build 11.0.12+7-b1504.28-7817840)
# Java VM: OpenJDK 64-Bit Server VM (11.0.12+7-b1504.28-7817840, mixed mode, tiered, compressed oops, g1 gc, windows-amd64)
# No core dump will be written. Minidumps are not enabled by default on client versions of Windows
#

---------------  S U M M A R Y ------------

Command Line: org.jetbrains.kotlin.cli.jvm.K2JVMCompiler @C:\Users\samee\Desktop\banking-app\Learn-React-Native\node_modules\react-native-gesture-handler\android\build\20221027_9401475840046843753.compiler.options

Host: AMD Ryzen 5 5500U with Radeon Graphics         , 12 cores, 5G,  Windows 10 , 64 bit Build 22000 (10.0.22000.708)
Time: Thu Oct 27 21:59:05 2022 India Standard Time elapsed time: 23.564825 seconds (0d 0h 0m 23s)

---------------  T H R E A D  ---------------

Current thread (0x00000237fa635800):  JavaThread "C2 CompilerThread0" daemon [_thread_in_native, id=4552, stack(0x0000004cb4100000,0x0000004cb4200000)]


Current CompileTask:
C2:  23565 6516       4       org.jetbrains.kotlin.cli.jvm.compiler.NoScopeRecordCliBindingTrace::record (35 bytes)

Stack: [0x0000004cb4100000,0x0000004cb4200000]
Native frames: (J=compiled Java code, j=interpreted, Vv=VM code, C=native code)
V  [jvm.dll+0x5fbcea]
V  [jvm.dll+0x731905]
V  [jvm.dll+0x732f1d]
V  [jvm.dll+0x7335d3]
V  [jvm.dll+0x247bf8]
V  [jvm.dll+0xc018c]
V  [jvm.dll+0xc06cc]
V  [jvm.dll+0x2bcc04]
V  [jvm.dll+0x5113a8]
V  [jvm.dll+0x208303]
V  [jvm.dll+0x201fe0]
V  [jvm.dll+0x1ff71f]
V  [jvm.dll+0x18868c]
V  [jvm.dll+0x20e0d7]
V  [jvm.dll+0x20c901]
V  [jvm.dll+0x6f9b7f]
V  [jvm.dll+0x6f26a5]
V  [jvm.dll+0x5fabf6]
C  [ucrtbase.dll+0x26c0c]
C  [KERNEL32.DLL+0x154e0]
C  [ntdll.dll+0x485b]


---------------  P R O C E S S  ---------------

Threads class SMR info:
_java_thread_list=0x00000237fb0ee7a0, length=10, elements={
0x00000237f018e000, 0x00000237fa60d000, 0x00000237fa60e000, 0x00000237fa62e800,
0x00000237fa631000, 0x00000237fa634800, 0x00000237fa635800, 0x00000237fa636800,
0x00000237fa653800, 0x00000237fb0fa000
}

Java Threads: ( => current thread )
  0x00000237f018e000 JavaThread "main" [_thread_in_Java, id=27612, stack(0x0000004cb3500000,0x0000004cb3600000)]
  0x00000237fa60d000 JavaThread "Reference Handler" daemon [_thread_blocked, id=6188, stack(0x0000004cb3c00000,0x0000004cb3d00000)]
  0x00000237fa60e000 JavaThread "Finalizer" daemon [_thread_blocked, id=33244, stack(0x0000004cb3d00000,0x0000004cb3e00000)]
  0x00000237fa62e800 JavaThread "Signal Dispatcher" daemon [_thread_blocked, id=2764, stack(0x0000004cb3e00000,0x0000004cb3f00000)]
  0x00000237fa631000 JavaThread "Attach Listener" daemon [_thread_blocked, id=1568, stack(0x0000004cb3f00000,0x0000004cb4000000)]
  0x00000237fa634800 JavaThread "Service Thread" daemon [_thread_blocked, id=18348, stack(0x0000004cb4000000,0x0000004cb4100000)]
=>0x00000237fa635800 JavaThread "C2 CompilerThread0" daemon [_thread_in_native, id=4552, stack(0x0000004cb4100000,0x0000004cb4200000)]
  0x00000237fa636800 JavaThread "C1 CompilerThread0" daemon [_thread_in_native, id=19548, stack(0x0000004cb4200000,0x0000004cb4300000)]
  0x00000237fa653800 JavaThread "Sweeper thread" daemon [_thread_blocked, id=20516, stack(0x0000004cb4300000,0x0000004cb4400000)]
  0x00000237fb0fa000 JavaThread "Common-Cleaner" daemon [_thread_blocked, id=33252, stack(0x0000004cb4500000,0x0000004cb4600000)]

Other Threads:
  0x00000237fa5e8800 VMThread "VM Thread" [stack: 0x0000004cb3b00000,0x0000004cb3c00000] [id=24700]
  0x00000237fb0eb000 WatcherThread [stack: 0x0000004cb4400000,0x0000004cb4500000] [id=15220]
  0x00000237f01a6000 GCTaskThread "GC Thread#0" [stack: 0x0000004cb3600000,0x0000004cb3700000] [id=17328]
  0x00000237fb29b800 GCTaskThread "GC Thread#1" [stack: 0x0000004cb4600000,0x0000004cb4700000] [id=21176]
  0x00000237f01ca800 ConcurrentGCThread "G1 Main Marker" [stack: 0x0000004cb3700000,0x0000004cb3800000] [id=32124]
  0x00000237f01cc800 ConcurrentGCThread "G1 Conc#0" [stack: 0x0000004cb3800000,0x0000004cb3900000] [id=3720]
  0x00000237fba08800 ConcurrentGCThread "G1 Conc#1" [stack: 0x0000004cb4700000,0x0000004cb4800000] [id=3668]
  0x00000237fb613000 ConcurrentGCThread "G1 Conc#2" [stack: 0x0000004cb4800000,0x0000004cb4900000] [id=15304]
  0x00000237f0259000 ConcurrentGCThread "G1 Refine#0" [stack: 0x0000004cb3900000,0x0000004cb3a00000] [id=32632]
  0x00000237f025c000 ConcurrentGCThread "G1 Young RemSet Sampling" [stack: 0x0000004cb3a00000,0x0000004cb3b00000] [id=7468]

Threads with active compile tasks:
C2 CompilerThread0  23599 6516       4       org.jetbrains.kotlin.cli.jvm.compiler.NoScopeRecordCliBindingTrace::record (35 bytes)
C1 CompilerThread0  23599 6537       3       org.jetbrains.kotlin.serialization.deserialization.descriptors.DeserializedMemberScope::getContributedFunctions (24 bytes)

VM state:not at safepoint (normal execution)

VM Mutex/Monitor currently owned by a thread: None

Heap address: 0x00000000a2200000, size: 1502 MB, Compressed Oops mode: 32-bit
Narrow klass base: 0x0000000000000000, Narrow klass shift: 3
Compressed class space size: 1073741824 Address: 0x0000000100000000

Heap:
 garbage-first heap   total 115712K, used 42948K [0x00000000a2200000, 0x0000000100000000)
  region size 1024K, 4 young (4096K), 1 survivors (1024K)
 Metaspace       used 59822K, capacity 60581K, committed 60880K, reserved 1103872K
  class space    used 6992K, capacity 7306K, committed 7424K, reserved 1048576K
Heap Regions: E=young(eden), S=young(survivor), O=old, HS=humongous(starts), HC=humongous(continues), CS=collection set, F=free, A=archive, TAMS=top-at-mark-start (previous, next)
|   0|0x00000000a2200000, 0x00000000a2300000, 0x00000000a2300000|100%|HS|  |TAMS 0x00000000a2300000, 0x00000000a2200000| Complete 
|   1|0x00000000a2300000, 0x00000000a2400000, 0x00000000a2400000|100%|HC|  |TAMS 0x00000000a2400000, 0x00000000a2300000| Complete 
|   2|0x00000000a2400000, 0x00000000a2500000, 0x00000000a2500000|100%|HC|  |TAMS 0x00000000a2500000, 0x00000000a2400000| Complete 
|   3|0x00000000a2500000, 0x00000000a2600000, 0x00000000a2600000|100%|HS|  |TAMS 0x00000000a2600000, 0x00000000a2500000| Complete 
|   4|0x00000000a2600000, 0x00000000a2700000, 0x00000000a2700000|100%|HC|  |TAMS 0x00000000a2700000, 0x00000000a2600000| Complete 
|   5|0x00000000a2700000, 0x00000000a2800000, 0x00000000a2800000|100%|HC|  |TAMS 0x00000000a2800000, 0x00000000a2700000| Complete 
|   6|0x00000000a2800000, 0x00000000a2900000, 0x00000000a2900000|100%|HS|  |TAMS 0x00000000a2900000, 0x00000000a2800000| Complete 
|   7|0x00000000a2900000, 0x00000000a2a00000, 0x00000000a2a00000|100%|HC|  |TAMS 0x00000000a2a00000, 0x00000000a2900000| Complete 
|   8|0x00000000a2a00000, 0x00000000a2b00000, 0x00000000a2b00000|100%| O|  |TAMS 0x00000000a2b00000, 0x00000000a2a00000| Untracked 
|   9|0x00000000a2b00000, 0x00000000a2c00000, 0x00000000a2c00000|100%| O|  |TAMS 0x00000000a2c00000, 0x00000000a2b00000| Untracked 
|  10|0x00000000a2c00000, 0x00000000a2d00000, 0x00000000a2d00000|100%| O|  |TAMS 0x00000000a2d00000, 0x00000000a2c00000| Untracked 
|  11|0x00000000a2d00000, 0x00000000a2e00000, 0x00000000a2e00000|100%| O|  |TAMS 0x00000000a2e00000, 0x00000000a2d00000| Untracked 
|  12|0x00000000a2e00000, 0x00000000a2f00000, 0x00000000a2f00000|100%| O|  |TAMS 0x00000000a2f00000, 0x00000000a2e00000| Untracked 
|  13|0x00000000a2f00000, 0x00000000a3000000, 0x00000000a3000000|100%| O|  |TAMS 0x00000000a3000000, 0x00000000a2f00000| Untracked 
|  14|0x00000000a3000000, 0x00000000a3100000, 0x00000000a3100000|100%| O|  |TAMS 0x00000000a3100000, 0x00000000a3000000| Untracked 
|  15|0x00000000a3100000, 0x00000000a3200000, 0x00000000a3200000|100%| O|  |TAMS 0x00000000a3200000, 0x00000000a3100000| Untracked 
|  16|0x00000000a3200000, 0x00000000a3300000, 0x00000000a3300000|100%| O|  |TAMS 0x00000000a3300000, 0x00000000a3200000| Untracked 
|  17|0x00000000a3300000, 0x00000000a3400000, 0x00000000a3400000|100%| O|  |TAMS 0x00000000a3400000, 0x00000000a3300000| Untracked 
|  18|0x00000000a3400000, 0x00000000a3500000, 0x00000000a3500000|100%| O|  |TAMS 0x00000000a3500000, 0x00000000a3400000| Untracked 
|  19|0x00000000a3500000, 0x00000000a3600000, 0x00000000a3600000|100%| O|  |TAMS 0x00000000a3600000, 0x00000000a3500000| Untracked 
|  20|0x00000000a3600000, 0x00000000a3700000, 0x00000000a3700000|100%| O|  |TAMS 0x00000000a3700000, 0x00000000a3600000| Untracked 
|  21|0x00000000a3700000, 0x00000000a3800000, 0x00000000a3800000|100%| O|  |TAMS 0x00000000a3800000, 0x00000000a3700000| Untracked 
|  22|0x00000000a3800000, 0x00000000a3900000, 0x00000000a3900000|100%| O|  |TAMS 0x00000000a3900000, 0x00000000a3800000| Untracked 
|  23|0x00000000a3900000, 0x00000000a3a00000, 0x00000000a3a00000|100%| O|  |TAMS 0x00000000a3a00000, 0x00000000a3900000| Untracked 
|  24|0x00000000a3a00000, 0x00000000a3b00000, 0x00000000a3b00000|100%| O|  |TAMS 0x00000000a3b00000, 0x00000000a3a00000| Untracked 
|  25|0x00000000a3b00000, 0x00000000a3c00000, 0x00000000a3c00000|100%| O|  |TAMS 0x00000000a3c00000, 0x00000000a3b00000| Untracked 
|  26|0x00000000a3c00000, 0x00000000a3d00000, 0x00000000a3d00000|100%| O|  |TAMS 0x00000000a3d00000, 0x00000000a3c00000| Untracked 
|  27|0x00000000a3d00000, 0x00000000a3e00000, 0x00000000a3e00000|100%| O|  |TAMS 0x00000000a3e00000, 0x00000000a3d00000| Untracked 
|  28|0x00000000a3e00000, 0x00000000a3f00000, 0x00000000a3f00000|100%| O|  |TAMS 0x00000000a3f00000, 0x00000000a3e00000| Untracked 
|  29|0x00000000a3f00000, 0x00000000a4000000, 0x00000000a4000000|100%| O|  |TAMS 0x00000000a4000000, 0x00000000a3f00000| Untracked 
|  30|0x00000000a4000000, 0x00000000a4100000, 0x00000000a4100000|100%| O|  |TAMS 0x00000000a4100000, 0x00000000a4000000| Untracked 
|  31|0x00000000a4100000, 0x00000000a4200000, 0x00000000a4200000|100%| O|  |TAMS 0x00000000a4200000, 0x00000000a4100000| Untracked 
|  32|0x00000000a4200000, 0x00000000a4300000, 0x00000000a4300000|100%| O|  |TAMS 0x00000000a4300000, 0x00000000a4200000| Untracked 
|  33|0x00000000a4300000, 0x00000000a4400000, 0x00000000a4400000|100%| O|  |TAMS 0x00000000a4400000, 0x00000000a4300000| Untracked 
|  34|0x00000000a4400000, 0x00000000a4500000, 0x00000000a4500000|100%| O|  |TAMS 0x00000000a4500000, 0x00000000a4400000| Untracked 
|  35|0x00000000a4500000, 0x00000000a4600000, 0x00000000a4600000|100%| O|  |TAMS 0x00000000a4600000, 0x00000000a4500000| Untracked 
|  36|0x00000000a4600000, 0x00000000a4700000, 0x00000000a4700000|100%| O|  |TAMS 0x00000000a4700000, 0x00000000a4600000| Untracked 
|  37|0x00000000a4700000, 0x00000000a4800000, 0x00000000a4800000|100%| O|  |TAMS 0x00000000a4800000, 0x00000000a4700000| Untracked 
|  38|0x00000000a4800000, 0x00000000a48f1000, 0x00000000a4900000| 94%| O|  |TAMS 0x00000000a48f1000, 0x00000000a4800000| Untracked 
|  39|0x00000000a4900000, 0x00000000a4900000, 0x00000000a4a00000|  0%| F|  |TAMS 0x00000000a4900000, 0x00000000a4900000| Untracked 
|  40|0x00000000a4a00000, 0x00000000a4a00000, 0x00000000a4b00000|  0%| F|  |TAMS 0x00000000a4a00000, 0x00000000a4a00000| Untracked 
|  41|0x00000000a4b00000, 0x00000000a4b00000, 0x00000000a4c00000|  0%| F|  |TAMS 0x00000000a4b00000, 0x00000000a4b00000| Untracked 
|  42|0x00000000a4c00000, 0x00000000a4c00000, 0x00000000a4d00000|  0%| F|  |TAMS 0x00000000a4c00000, 0x00000000a4c00000| Untracked 
|  43|0x00000000a4d00000, 0x00000000a4d00000, 0x00000000a4e00000|  0%| F|  |TAMS 0x00000000a4d00000, 0x00000000a4d00000| Untracked 
|  44|0x00000000a4e00000, 0x00000000a4e00000, 0x00000000a4f00000|  0%| F|  |TAMS 0x00000000a4e00000, 0x00000000a4e00000| Untracked 
|  45|0x00000000a4f00000, 0x00000000a4f00000, 0x00000000a5000000|  0%| F|  |TAMS 0x00000000a4f00000, 0x00000000a4f00000| Untracked 
|  46|0x00000000a5000000, 0x00000000a5000000, 0x00000000a5100000|  0%| F|  |TAMS 0x00000000a5000000, 0x00000000a5000000| Untracked 
|  47|0x00000000a5100000, 0x00000000a5100000, 0x00000000a5200000|  0%| F|  |TAMS 0x00000000a5100000, 0x00000000a5100000| Untracked 
|  48|0x00000000a5200000, 0x00000000a5200000, 0x00000000a5300000|  0%| F|  |TAMS 0x00000000a5200000, 0x00000000a5200000| Untracked 
|  49|0x00000000a5300000, 0x00000000a5300000, 0x00000000a5400000|  0%| F|  |TAMS 0x00000000a5300000, 0x00000000a5300000| Untracked 
|  50|0x00000000a5400000, 0x00000000a5400000, 0x00000000a5500000|  0%| F|  |TAMS 0x00000000a5400000, 0x00000000a5400000| Untracked 
|  51|0x00000000a5500000, 0x00000000a5500000, 0x00000000a5600000|  0%| F|  |TAMS 0x00000000a5500000, 0x00000000a5500000| Untracked 
|  52|0x00000000a5600000, 0x00000000a5600000, 0x00000000a5700000|  0%| F|  |TAMS 0x00000000a5600000, 0x00000000a5600000| Untracked 
|  53|0x00000000a5700000, 0x00000000a5700000, 0x00000000a5800000|  0%| F|  |TAMS 0x00000000a5700000, 0x00000000a5700000| Untracked 
|  54|0x00000000a5800000, 0x00000000a5800000, 0x00000000a5900000|  0%| F|  |TAMS 0x00000000a5800000, 0x00000000a5800000| Untracked 
|  55|0x00000000a5900000, 0x00000000a5900000, 0x00000000a5a00000|  0%| F|  |TAMS 0x00000000a5900000, 0x00000000a5900000| Untracked 
|  56|0x00000000a5a00000, 0x00000000a5a00000, 0x00000000a5b00000|  0%| F|  |TAMS 0x00000000a5a00000, 0x00000000a5a00000| Untracked 
|  57|0x00000000a5b00000, 0x00000000a5b00000, 0x00000000a5c00000|  0%| F|  |TAMS 0x00000000a5b00000, 0x00000000a5b00000| Untracked 
|  58|0x00000000a5c00000, 0x00000000a5c00000, 0x00000000a5d00000|  0%| F|  |TAMS 0x00000000a5c00000, 0x00000000a5c00000| Untracked 
|  59|0x00000000a5d00000, 0x00000000a5d00000, 0x00000000a5e00000|  0%| F|  |TAMS 0x00000000a5d00000, 0x00000000a5d00000| Untracked 
|  60|0x00000000a5e00000, 0x00000000a5e00000, 0x00000000a5f00000|  0%| F|  |TAMS 0x00000000a5e00000, 0x00000000a5e00000| Untracked 
|  61|0x00000000a5f00000, 0x00000000a5f00000, 0x00000000a6000000|  0%| F|  |TAMS 0x00000000a5f00000, 0x00000000a5f00000| Untracked 
|  62|0x00000000a6000000, 0x00000000a6000000, 0x00000000a6100000|  0%| F|  |TAMS 0x00000000a6000000, 0x00000000a6000000| Untracked 
|  63|0x00000000a6100000, 0x00000000a6100000, 0x00000000a6200000|  0%| F|  |TAMS 0x00000000a6100000, 0x00000000a6100000| Untracked 
|  64|0x00000000a6200000, 0x00000000a6200000, 0x00000000a6300000|  0%| F|  |TAMS 0x00000000a6200000, 0x00000000a6200000| Untracked 
|  65|0x00000000a6300000, 0x00000000a6300000, 0x00000000a6400000|  0%| F|  |TAMS 0x00000000a6300000, 0x00000000a6300000| Untracked 
|  66|0x00000000a6400000, 0x00000000a6400000, 0x00000000a6500000|  0%| F|  |TAMS 0x00000000a6400000, 0x00000000a6400000| Untracked 
|  67|0x00000000a6500000, 0x00000000a6500000, 0x00000000a6600000|  0%| F|  |TAMS 0x00000000a6500000, 0x00000000a6500000| Untracked 
|  68|0x00000000a6600000, 0x00000000a6600000, 0x00000000a6700000|  0%| F|  |TAMS 0x00000000a6600000, 0x00000000a6600000| Untracked 
|  69|0x00000000a6700000, 0x00000000a6700000, 0x00000000a6800000|  0%| F|  |TAMS 0x00000000a6700000, 0x00000000a6700000| Untracked 
|  70|0x00000000a6800000, 0x00000000a6800000, 0x00000000a6900000|  0%| F|  |TAMS 0x00000000a6800000, 0x00000000a6800000| Untracked 
|  71|0x00000000a6900000, 0x00000000a6900000, 0x00000000a6a00000|  0%| F|  |TAMS 0x00000000a6900000, 0x00000000a6900000| Untracked 
|  72|0x00000000a6a00000, 0x00000000a6a00000, 0x00000000a6b00000|  0%| F|  |TAMS 0x00000000a6a00000, 0x00000000a6a00000| Untracked 
|  73|0x00000000a6b00000, 0x00000000a6b00000, 0x00000000a6c00000|  0%| F|  |TAMS 0x00000000a6b00000, 0x00000000a6b00000| Untracked 
|  74|0x00000000a6c00000, 0x00000000a6c00000, 0x00000000a6d00000|  0%| F|  |TAMS 0x00000000a6c00000, 0x00000000a6c00000| Untracked 
|  75|0x00000000a6d00000, 0x00000000a6d00000, 0x00000000a6e00000|  0%| F|  |TAMS 0x00000000a6d00000, 0x00000000a6d00000| Untracked 
|  76|0x00000000a6e00000, 0x00000000a6e00000, 0x00000000a6f00000|  0%| F|  |TAMS 0x00000000a6e00000, 0x00000000a6e00000| Untracked 
|  77|0x00000000a6f00000, 0x00000000a6f00000, 0x00000000a7000000|  0%| F|  |TAMS 0x00000000a6f00000, 0x00000000a6f00000| Untracked 
|  78|0x00000000a7000000, 0x00000000a7000000, 0x00000000a7100000|  0%| F|  |TAMS 0x00000000a7000000, 0x00000000a7000000| Untracked 
|  79|0x00000000a7100000, 0x00000000a7100000, 0x00000000a7200000|  0%| F|  |TAMS 0x00000000a7100000, 0x00000000a7100000| Untracked 
|  80|0x00000000a7200000, 0x00000000a7200000, 0x00000000a7300000|  0%| F|  |TAMS 0x00000000a7200000, 0x00000000a7200000| Untracked 
|  81|0x00000000a7300000, 0x00000000a7300000, 0x00000000a7400000|  0%| F|  |TAMS 0x00000000a7300000, 0x00000000a7300000| Untracked 
|  82|0x00000000a7400000, 0x00000000a7400000, 0x00000000a7500000|  0%| F|  |TAMS 0x00000000a7400000, 0x00000000a7400000| Untracked 
|  83|0x00000000a7500000, 0x00000000a7500000, 0x00000000a7600000|  0%| F|  |TAMS 0x00000000a7500000, 0x00000000a7500000| Untracked 
|  84|0x00000000a7600000, 0x00000000a7600000, 0x00000000a7700000|  0%| F|  |TAMS 0x00000000a7600000, 0x00000000a7600000| Untracked 
|  85|0x00000000a7700000, 0x00000000a7700000, 0x00000000a7800000|  0%| F|  |TAMS 0x00000000a7700000, 0x00000000a7700000| Untracked 
|  86|0x00000000a7800000, 0x00000000a7800000, 0x00000000a7900000|  0%| F|  |TAMS 0x00000000a7800000, 0x00000000a7800000| Untracked 
|  87|0x00000000a7900000, 0x00000000a7900000, 0x00000000a7a00000|  0%| F|  |TAMS 0x00000000a7900000, 0x00000000a7900000| Untracked 
|  88|0x00000000a7a00000, 0x00000000a7a00000, 0x00000000a7b00000|  0%| F|  |TAMS 0x00000000a7a00000, 0x00000000a7a00000| Untracked 
|  89|0x00000000a7b00000, 0x00000000a7b00000, 0x00000000a7c00000|  0%| F|  |TAMS 0x00000000a7b00000, 0x00000000a7b00000| Untracked 
|  90|0x00000000a7c00000, 0x00000000a7c00000, 0x00000000a7d00000|  0%| F|  |TAMS 0x00000000a7c00000, 0x00000000a7c00000| Untracked 
|  91|0x00000000a7d00000, 0x00000000a7d00000, 0x00000000a7e00000|  0%| F|  |TAMS 0x00000000a7d00000, 0x00000000a7d00000| Untracked 
|  92|0x00000000a7e00000, 0x00000000a7e00000, 0x00000000a7f00000|  0%| F|  |TAMS 0x00000000a7e00000, 0x00000000a7e00000| Untracked 
|  93|0x00000000a7f00000, 0x00000000a7f00000, 0x00000000a8000000|  0%| F|  |TAMS 0x00000000a7f00000, 0x00000000a7f00000| Untracked 
|  94|0x00000000a8000000, 0x00000000a8000000, 0x00000000a8100000|  0%| F|  |TAMS 0x00000000a8000000, 0x00000000a8000000| Untracked 
|  95|0x00000000a8100000, 0x00000000a8100000, 0x00000000a8200000|  0%| F|  |TAMS 0x00000000a8100000, 0x00000000a8100000| Untracked 
|  96|0x00000000a8200000, 0x00000000a8200000, 0x00000000a8300000|  0%| F|  |TAMS 0x00000000a8200000, 0x00000000a8200000| Untracked 
|  97|0x00000000a8300000, 0x00000000a8300000, 0x00000000a8400000|  0%| F|  |TAMS 0x00000000a8300000, 0x00000000a8300000| Untracked 
|  98|0x00000000a8400000, 0x00000000a8400000, 0x00000000a8500000|  0%| F|  |TAMS 0x00000000a8400000, 0x00000000a8400000| Untracked 
|  99|0x00000000a8500000, 0x00000000a8500000, 0x00000000a8600000|  0%| F|  |TAMS 0x00000000a8500000, 0x00000000a8500000| Untracked 
| 100|0x00000000a8600000, 0x00000000a8600000, 0x00000000a8700000|  0%| F|  |TAMS 0x00000000a8600000, 0x00000000a8600000| Untracked 
| 101|0x00000000a8700000, 0x00000000a8700000, 0x00000000a8800000|  0%| F|  |TAMS 0x00000000a8700000, 0x00000000a8700000| Untracked 
| 102|0x00000000a8800000, 0x00000000a8800000, 0x00000000a8900000|  0%| F|  |TAMS 0x00000000a8800000, 0x00000000a8800000| Untracked 
| 103|0x00000000a8900000, 0x00000000a8900000, 0x00000000a8a00000|  0%| F|  |TAMS 0x00000000a8900000, 0x00000000a8900000| Untracked 
| 104|0x00000000a8a00000, 0x00000000a8a00000, 0x00000000a8b00000|  0%| F|  |TAMS 0x00000000a8a00000, 0x00000000a8a00000| Untracked 
| 105|0x00000000a8b00000, 0x00000000a8b00000, 0x00000000a8c00000|  0%| F|  |TAMS 0x00000000a8b00000, 0x00000000a8b00000| Untracked 
| 106|0x00000000a8c00000, 0x00000000a8c00000, 0x00000000a8d00000|  0%| F|  |TAMS 0x00000000a8c00000, 0x00000000a8c00000| Untracked 
| 107|0x00000000a8d00000, 0x00000000a8d00000, 0x00000000a8e00000|  0%| F|  |TAMS 0x00000000a8d00000, 0x00000000a8d00000| Untracked 
| 108|0x00000000a8e00000, 0x00000000a8e00000, 0x00000000a8f00000|  0%| F|  |TAMS 0x00000000a8e00000, 0x00000000a8e00000| Untracked 
| 109|0x00000000a8f00000, 0x00000000a9000000, 0x00000000a9000000|100%| S|CS|TAMS 0x00000000a8f00000, 0x00000000a8f00000| Complete 
| 110|0x00000000a9000000, 0x00000000a9100000, 0x00000000a9100000|100%| E|  |TAMS 0x00000000a9000000, 0x00000000a9000000| Complete 
| 111|0x00000000a9100000, 0x00000000a9200000, 0x00000000a9200000|100%| E|CS|TAMS 0x00000000a9100000, 0x00000000a9100000| Complete 
| 112|0x00000000a9200000, 0x00000000a9300000, 0x00000000a9300000|100%| E|CS|TAMS 0x00000000a9200000, 0x00000000a9200000| Complete 

Card table byte_map: [0x00000237f44e0000,0x00000237f47d0000] _byte_map_base: 0x00000237f3fcf000

Marking Bits (Prev, Next): (CMBitMap*) 0x00000237f01c3c60, (CMBitMap*) 0x00000237f01c3c28
 Prev Bits: [0x00000237f6240000, 0x00000237f79b8000)
 Next Bits: [0x00000237f4ac0000, 0x00000237f6238000)

Polling page: 0x00000237ee0d0000

Metaspace:

Usage:
  Non-class:     52.09 MB capacity,    51.60 MB (>99%) used,   395.95 KB ( <1%) free+waste,   106.75 KB ( <1%) overhead. 
      Class:      7.13 MB capacity,     6.83 MB ( 96%) used,   264.27 KB (  4%) free+waste,    48.31 KB ( <1%) overhead. 
       Both:     59.22 MB capacity,    58.43 MB ( 99%) used,   660.22 KB (  1%) free+waste,   155.06 KB ( <1%) overhead. 

Virtual space:
  Non-class space:       54.00 MB reserved,      52.20 MB ( 97%) committed 
      Class space:        1.00 GB reserved,       7.25 MB ( <1%) committed 
             Both:        1.05 GB reserved,      59.45 MB (  6%) committed 

Chunk freelists:
   Non-Class:  52.00 KB
       Class:  22.00 KB
        Both:  74.00 KB

MaxMetaspaceSize: 17179869184.00 GB
CompressedClassSpaceSize: 1.00 GB
Initial GC threshold: 20.80 MB
Current GC threshold: 98.88 MB
CDS: off

CodeHeap 'non-profiled nmethods': size=120000Kb used=2764Kb max_used=2764Kb free=117235Kb
 bounds [0x0000023787ad0000, 0x0000023787d90000, 0x000002378f000000]
CodeHeap 'profiled nmethods': size=120000Kb used=15152Kb max_used=15152Kb free=104847Kb
 bounds [0x00000237805a0000, 0x0000023781470000, 0x0000023787ad0000]
CodeHeap 'non-nmethods': size=5760Kb used=1300Kb max_used=1339Kb free=4459Kb
 bounds [0x0000023780000000, 0x0000023780270000, 0x00000237805a0000]
 total_blobs=6984 nmethods=6402 adapters=490
 compilation: enabled
              stopped_count=0, restarted_count=0
 full_count=0

Compilation events (20 events):
Event: 23.525 Thread 0x00000237fa636800 6512       1       java.util.AbstractList$RandomAccessSpliterator::characteristics (4 bytes)
Event: 23.525 Thread 0x00000237fa636800 nmethod 6512 0x0000023787d7fa10 code [0x0000023787d7fbc0, 0x0000023787d7fc78]
Event: 23.531 Thread 0x00000237fa636800 6514       3       org.jetbrains.kotlin.builtins.KotlinBuiltIns::classFqNameEquals (51 bytes)
Event: 23.532 Thread 0x00000237fa636800 nmethod 6514 0x0000023781455c90 code [0x0000023781455f00, 0x0000023781456518]
Event: 23.533 Thread 0x00000237fa635800 nmethod 6501 0x0000023787d7fd10 code [0x0000023787d7ff80, 0x0000023787d80898]
Event: 23.533 Thread 0x00000237fa635800 6513       4       org.jetbrains.kotlin.types.ErrorUtils::isError (38 bytes)
Event: 23.535 Thread 0x00000237fa635800 nmethod 6513 0x0000023787d81290 code [0x0000023787d81440, 0x0000023787d814f8]
Event: 23.536 Thread 0x00000237fa636800 6515       3       org.jetbrains.kotlin.psi.KtTypeParameterListOwnerStub::getNameAsSafeName (5 bytes)
Event: 23.537 Thread 0x00000237fa636800 nmethod 6515 0x0000023781456790 code [0x00000237814569c0, 0x0000023781457048]
Event: 23.540 Thread 0x00000237fa635800 6516       4       org.jetbrains.kotlin.cli.jvm.compiler.NoScopeRecordCliBindingTrace::record (35 bytes)
Event: 23.546 Thread 0x00000237fa636800 6518       3       jdk.internal.org.objectweb.asm.ClassWriter::visitEnd (1 bytes)
Event: 23.546 Thread 0x00000237fa636800 nmethod 6518 0x0000023781457290 code [0x0000023781457440, 0x0000023781457538]
Event: 23.554 Thread 0x00000237fa636800 6519       1       org.jetbrains.kotlin.types.TypeSubstitution$Companion$EMPTY$1::isEmpty (2 bytes)
Event: 23.554 Thread 0x00000237fa636800 nmethod 6519 0x0000023787d81610 code [0x0000023787d817c0, 0x0000023787d81878]
Event: 23.555 Thread 0x00000237fa636800 6520       3       org.jetbrains.kotlin.resolve.VarianceCheckerCore::varianceWithManual (49 bytes)
Event: 23.556 Thread 0x00000237fa636800 nmethod 6520 0x0000023781457610 code [0x00000237814578a0, 0x0000023781458378]
Event: 23.556 Thread 0x00000237fa636800 6521       1       org.jetbrains.kotlin.types.TypeConstructorSubstitution$Companion$createByConstructorsMap$1::approximateCapturedTypes (5 bytes)
Event: 23.556 Thread 0x00000237fa636800 nmethod 6521 0x0000023787d81910 code [0x0000023787d81ac0, 0x0000023787d81b78]
Event: 23.557 Thread 0x00000237fa636800 6522       3       org.jetbrains.kotlin.storage.StorageKt::getValue (19 bytes)
Event: 23.558 Thread 0x00000237fa636800 nmethod 6522 0x0000023781458690 code [0x0000023781458940, 0x00000237814593e8]

GC Heap History (18 events):
Event: 2.486 GC heap before
{Heap before GC invocations=0 (full 0):
 garbage-first heap   total 96256K, used 27648K [0x00000000a2200000, 0x0000000100000000)
  region size 1024K, 24 young (24576K), 0 survivors (0K)
 Metaspace       used 12397K, capacity 12504K, committed 12800K, reserved 1060864K
  class space    used 1166K, capacity 1207K, committed 1280K, reserved 1048576K
}
Event: 2.498 GC heap after
{Heap after GC invocations=1 (full 0):
 garbage-first heap   total 96256K, used 5779K [0x00000000a2200000, 0x0000000100000000)
  region size 1024K, 3 young (3072K), 3 survivors (3072K)
 Metaspace       used 12397K, capacity 12504K, committed 12800K, reserved 1060864K
  class space    used 1166K, capacity 1207K, committed 1280K, reserved 1048576K
}
Event: 5.040 GC heap before
{Heap before GC invocations=1 (full 0):
 garbage-first heap   total 96256K, used 40595K [0x00000000a2200000, 0x0000000100000000)
  region size 1024K, 38 young (38912K), 3 survivors (3072K)
 Metaspace       used 20751K, capacity 20976K, committed 21248K, reserved 1069056K
  class space    used 2194K, capacity 2274K, committed 2304K, reserved 1048576K
}
Event: 5.065 GC heap after
{Heap after GC invocations=2 (full 0):
 garbage-first heap   total 96256K, used 9060K [0x00000000a2200000, 0x0000000100000000)
  region size 1024K, 6 young (6144K), 6 survivors (6144K)
 Metaspace       used 20751K, capacity 20976K, committed 21248K, reserved 1069056K
  class space    used 2194K, capacity 2274K, committed 2304K, reserved 1048576K
}
Event: 8.055 GC heap before
{Heap before GC invocations=3 (full 0):
 garbage-first heap   total 96256K, used 57188K [0x00000000a2200000, 0x0000000100000000)
  region size 1024K, 48 young (49152K), 6 survivors (6144K)
 Metaspace       used 30469K, capacity 30930K, committed 31228K, reserved 1077248K
  class space    used 3629K, capacity 3796K, committed 3840K, reserved 1048576K
}
Event: 8.100 GC heap after
{Heap after GC invocations=4 (full 0):
 garbage-first heap   total 96256K, used 20261K [0x00000000a2200000, 0x0000000100000000)
  region size 1024K, 6 young (6144K), 6 survivors (6144K)
 Metaspace       used 30469K, capacity 30930K, committed 31228K, reserved 1077248K
  class space    used 3629K, capacity 3796K, committed 3840K, reserved 1048576K
}
Event: 9.930 GC heap before
{Heap before GC invocations=4 (full 0):
 garbage-first heap   total 96256K, used 41765K [0x00000000a2200000, 0x0000000100000000)
  region size 1024K, 28 young (28672K), 6 survivors (6144K)
 Metaspace       used 35440K, capacity 35885K, committed 36048K, reserved 1081344K
  class space    used 4370K, capacity 4571K, committed 4608K, reserved 1048576K
}
Event: 9.952 GC heap after
{Heap after GC invocations=5 (full 0):
 garbage-first heap   total 96256K, used 19813K [0x00000000a2200000, 0x0000000100000000)
  region size 1024K, 2 young (2048K), 2 survivors (2048K)
 Metaspace       used 35440K, capacity 35885K, committed 36048K, reserved 1081344K
  class space    used 4370K, capacity 4571K, committed 4608K, reserved 1048576K
}
Event: 12.731 GC heap before
{Heap before GC invocations=6 (full 0):
 garbage-first heap   total 96256K, used 58725K [0x00000000a2200000, 0x0000000100000000)
  region size 1024K, 40 young (40960K), 2 survivors (2048K)
 Metaspace       used 43758K, capacity 44277K, committed 44496K, reserved 1089536K
  class space    used 5167K, capacity 5358K, committed 5376K, reserved 1048576K
}
Event: 12.751 GC heap after
{Heap after GC invocations=7 (full 0):
 garbage-first heap   total 96256K, used 23387K [0x00000000a2200000, 0x0000000100000000)
  region size 1024K, 5 young (5120K), 5 survivors (5120K)
 Metaspace       used 43758K, capacity 44277K, committed 44496K, reserved 1089536K
  class space    used 5167K, capacity 5358K, committed 5376K, reserved 1048576K
}
Event: 15.673 GC heap before
{Heap before GC invocations=7 (full 0):
 garbage-first heap   total 96256K, used 65371K [0x00000000a2200000, 0x0000000100000000)
  region size 1024K, 43 young (44032K), 5 survivors (5120K)
 Metaspace       used 48831K, capacity 49426K, committed 49744K, reserved 1093632K
  class space    used 5690K, capacity 5934K, committed 6016K, reserved 1048576K
}
Event: 15.714 GC heap after
{Heap after GC invocations=8 (full 0):
 garbage-first heap   total 96256K, used 33383K [0x00000000a2200000, 0x0000000100000000)
  region size 1024K, 6 young (6144K), 6 survivors (6144K)
 Metaspace       used 48831K, capacity 49426K, committed 49744K, reserved 1093632K
  class space    used 5690K, capacity 5934K, committed 6016K, reserved 1048576K
}
Event: 18.634 GC heap before
{Heap before GC invocations=8 (full 0):
 garbage-first heap   total 96256K, used 67175K [0x00000000a2200000, 0x0000000100000000)
  region size 1024K, 39 young (39936K), 6 survivors (6144K)
 Metaspace       used 53030K, capacity 53653K, committed 53712K, reserved 1097728K
  class space    used 6124K, capacity 6374K, committed 6400K, reserved 1048576K
}
Event: 18.665 GC heap after
{Heap after GC invocations=9 (full 0):
 garbage-first heap   total 115712K, used 35278K [0x00000000a2200000, 0x0000000100000000)
  region size 1024K, 4 young (4096K), 4 survivors (4096K)
 Metaspace       used 53030K, capacity 53653K, committed 53712K, reserved 1097728K
  class space    used 6124K, capacity 6374K, committed 6400K, reserved 1048576K
}
Event: 22.429 GC heap before
{Heap before GC invocations=9 (full 0):
 garbage-first heap   total 115712K, used 75214K [0x00000000a2200000, 0x0000000100000000)
  region size 1024K, 43 young (44032K), 4 survivors (4096K)
 Metaspace       used 59484K, capacity 60319K, committed 60496K, reserved 1101824K
  class space    used 6961K, capacity 7265K, committed 7296K, reserved 1048576K
}
Event: 22.472 GC heap after
{Heap after GC invocations=10 (full 0):
 garbage-first heap   total 115712K, used 39750K [0x00000000a2200000, 0x0000000100000000)
  region size 1024K, 6 young (6144K), 6 survivors (6144K)
 Metaspace       used 59484K, capacity 60319K, committed 60496K, reserved 1101824K
  class space    used 6961K, capacity 7265K, committed 7296K, reserved 1048576K
}
Event: 23.179 GC heap before
{Heap before GC invocations=10 (full 0):
 garbage-first heap   total 115712K, used 41798K [0x00000000a2200000, 0x0000000100000000)
  region size 1024K, 9 young (9216K), 6 survivors (6144K)
 Metaspace       used 59668K, capacity 60407K, committed 60496K, reserved 1101824K
  class space    used 6968K, capacity 7270K, committed 7296K, reserved 1048576K
}
Event: 23.214 GC heap after
{Heap after GC invocations=11 (full 0):
 garbage-first heap   total 115712K, used 40900K [0x00000000a2200000, 0x0000000100000000)
  region size 1024K, 1 young (1024K), 1 survivors (1024K)
 Metaspace       used 59668K, capacity 60407K, committed 60496K, reserved 1101824K
  class space    used 6968K, capacity 7270K, committed 7296K, reserved 1048576K
}

Deoptimization events (20 events):
Event: 23.177 Thread 0x00000237f018e000 Uncommon trap: trap_request=0xffffffc6 fr.pc=0x0000023787cbf450 relative=0x00000000000000f0
Event: 23.177 Thread 0x00000237f018e000 Uncommon trap: reason=bimorphic_or_optimized_type_check action=maybe_recompile pc=0x0000023787cbf450 method=org.jetbrains.kotlin.com.intellij.lang.impl.PsiBuilderAdapter.eof()Z @ 4 c2
Event: 23.177 Thread 0x00000237f018e000 DEOPT PACKING pc=0x0000023787cbf450 sp=0x0000004cb35fac60
Event: 23.177 Thread 0x00000237f018e000 DEOPT UNPACKING pc=0x000002378004a1af sp=0x0000004cb35fabf0 mode 2
Event: 23.177 Thread 0x00000237f018e000 Uncommon trap: trap_request=0xffffffc6 fr.pc=0x0000023787cbf450 relative=0x00000000000000f0
Event: 23.177 Thread 0x00000237f018e000 Uncommon trap: reason=bimorphic_or_optimized_type_check action=maybe_recompile pc=0x0000023787cbf450 method=org.jetbrains.kotlin.com.intellij.lang.impl.PsiBuilderAdapter.eof()Z @ 4 c2
Event: 23.177 Thread 0x00000237f018e000 DEOPT PACKING pc=0x0000023787cbf450 sp=0x0000004cb35fac60
Event: 23.177 Thread 0x00000237f018e000 DEOPT UNPACKING pc=0x000002378004a1af sp=0x0000004cb35fabf0 mode 2
Event: 23.177 Thread 0x00000237f018e000 Uncommon trap: trap_request=0xffffffc6 fr.pc=0x0000023787cbf450 relative=0x00000000000000f0
Event: 23.177 Thread 0x00000237f018e000 Uncommon trap: reason=bimorphic_or_optimized_type_check action=maybe_recompile pc=0x0000023787cbf450 method=org.jetbrains.kotlin.com.intellij.lang.impl.PsiBuilderAdapter.eof()Z @ 4 c2
Event: 23.177 Thread 0x00000237f018e000 DEOPT PACKING pc=0x0000023787cbf450 sp=0x0000004cb35fac60
Event: 23.177 Thread 0x00000237f018e000 DEOPT UNPACKING pc=0x000002378004a1af sp=0x0000004cb35fabf0 mode 2
Event: 23.177 Thread 0x00000237f018e000 Uncommon trap: trap_request=0xffffffc6 fr.pc=0x0000023787cbf450 relative=0x00000000000000f0
Event: 23.177 Thread 0x00000237f018e000 Uncommon trap: reason=bimorphic_or_optimized_type_check action=maybe_recompile pc=0x0000023787cbf450 method=org.jetbrains.kotlin.com.intellij.lang.impl.PsiBuilderAdapter.eof()Z @ 4 c2
Event: 23.177 Thread 0x00000237f018e000 DEOPT PACKING pc=0x0000023787cbf450 sp=0x0000004cb35fac60
Event: 23.177 Thread 0x00000237f018e000 DEOPT UNPACKING pc=0x000002378004a1af sp=0x0000004cb35fabf0 mode 2
Event: 23.337 Thread 0x00000237f018e000 Uncommon trap: trap_request=0xffffffc6 fr.pc=0x0000023787c640c8 relative=0x0000000000000648
Event: 23.337 Thread 0x00000237f018e000 Uncommon trap: reason=bimorphic_or_optimized_type_check action=maybe_recompile pc=0x0000023787c640c8 method=org.jetbrains.kotlin.com.intellij.psi.impl.source.tree.TreeElement.rawRemoveUpToWithoutNotifications(Lorg/jetbrains/kotlin/com/intellij/psi/impl/so
Event: 23.337 Thread 0x00000237f018e000 DEOPT PACKING pc=0x0000023787c640c8 sp=0x0000004cb35fb350
Event: 23.337 Thread 0x00000237f018e000 DEOPT UNPACKING pc=0x000002378004a1af sp=0x0000004cb35fb300 mode 2

Classes redefined (0 events):
No events

Internal exceptions (20 events):
Event: 6.424 Thread 0x00000237f018e000 Exception <a 'java/lang/NoSuchMethodError'{0x00000000a6b36ff0}: 'void java.lang.invoke.DirectMethodHandle$Holder.invokeStaticInit(java.lang.Object, java.lang.Object)'> (0x00000000a6b36ff0) thrown at [./src/hotspot/share/interpreter/linkResolver.cpp, line 773]
Event: 6.697 Thread 0x00000237f018e000 Exception <a 'java/lang/NoSuchMethodError'{0x00000000a6753440}: 'void java.lang.invoke.DirectMethodHandle$Holder.invokeVirtual(java.lang.Object, java.lang.Object)'> (0x00000000a6753440) thrown at [./src/hotspot/share/interpreter/linkResolver.cpp, line 773]
Event: 6.730 Thread 0x00000237f018e000 Exception <a 'java/lang/NoSuchMethodError'{0x00000000a67d23e0}: 'int java.lang.invoke.DirectMethodHandle$Holder.invokeVirtual(java.lang.Object, java.lang.Object)'> (0x00000000a67d23e0) thrown at [./src/hotspot/share/interpreter/linkResolver.cpp, line 773]
Event: 9.744 Thread 0x00000237f018e000 Exception <a 'java/lang/NoSuchMethodError'{0x00000000a6ee9d48}: 'java.lang.Object java.lang.invoke.DirectMethodHandle$Holder.invokeVirtual(java.lang.Object, java.lang.Object, java.lang.Object)'> (0x00000000a6ee9d48) thrown at [./src/hotspot/share/interpreter/linkResolver.cpp, line 773]
Event: 12.384 Thread 0x00000237f018e000 Exception <a 'java/lang/NoSuchMethodError'{0x00000000a5a4bd98}: 'java.lang.Object java.lang.invoke.Invokers$Holder.linkToTargetMethod(java.lang.Object, int, java.lang.Object)'> (0x00000000a5a4bd98) thrown at [./src/hotspot/share/interpreter/linkResolver.cpp, line 773]
Event: 13.475 Thread 0x00000237f018e000 Exception <a 'java/lang/NoSuchMethodError'{0x00000000a7a8d838}: 'java.lang.Object java.lang.invoke.DirectMethodHandle$Holder.invokeStatic(java.lang.Object, java.lang.Object, java.lang.Object, int)'> (0x00000000a7a8d838) thrown at [./src/hotspot/share/interpreter/linkResolver.cpp, line 773]
Event: 13.475 Thread 0x00000237f018e000 Exception <a 'java/lang/NoSuchMethodError'{0x00000000a7a914a8}: 'java.lang.Object java.lang.invoke.DirectMethodHandle$Holder.invokeSpecial(java.lang.Object, java.lang.Object, java.lang.Object, java.lang.Object, int)'> (0x00000000a7a914a8) thrown at [./src/hotspot/share/interpreter/linkResolver.cpp, line 773]
Event: 13.476 Thread 0x00000237f018e000 Exception <a 'java/lang/NoSuchMethodError'{0x00000000a7a947b8}: 'java.lang.Object java.lang.invoke.Invokers$Holder.linkToTargetMethod(java.lang.Object, java.lang.Object, int, java.lang.Object)'> (0x00000000a7a947b8) thrown at [./src/hotspot/share/interpreter/linkResolver.cpp, line 773]
Event: 16.174 Thread 0x00000237f018e000 Exception <a 'java/lang/NoSuchMethodError'{0x00000000a6fae020}: 'java.lang.Object java.lang.invoke.DirectMethodHandle$Holder.invokeSpecial(java.lang.Object, java.lang.Object, java.lang.Object, java.lang.Object, java.lang.Object, java.lang.Object, java.lang.Object, java.lang.Object, java.lang.Object)'> (0x00000000a6fae020) thrown at [./src/hotspot/share/interpreter/linkResolver.cpp, line 773]
Event: 16.175 Thread 0x00000237f018e000 Exception <a 'java/lang/NoSuchMethodError'{0x00000000a6fb2218}: 'java.lang.Object java.lang.invoke.Invokers$Holder.linkToTargetMethod(java.lang.Object, java.lang.Object, java.lang.Object, java.lang.Object, java.lang.Object, java.lang.Object, java.lang.Object, java.lang.Object)'> (0x00000000a6fb2218) thrown at [./src/hotspot/share/interpreter/linkResolver.cpp, line 773]
Event: 16.481 Thread 0x00000237f018e000 Exception <a 'java/lang/NoSuchMethodError'{0x00000000a6dac0e8}: 'java.lang.Object java.lang.invoke.Invokers$Holder.linkToTargetMethod(java.lang.Object, java.lang.Object, java.lang.Object, java.lang.Object, java.lang.Object, java.lang.Object)'> (0x00000000a6dac0e8) thrown at [./src/hotspot/share/interpreter/linkResolver.cpp, line 773]
Event: 16.747 Thread 0x00000237f018e000 Implicit null exception at 0x0000023787b6bbf5 to 0x0000023787b6bdcc
Event: 17.002 Thread 0x00000237f018e000 Implicit null exception at 0x0000023787b2eb5e to 0x0000023787b2f2ca
Event: 19.194 Thread 0x00000237f018e000 Implicit null exception at 0x0000023787c6007e to 0x0000023787c602d8
Event: 20.139 Thread 0x00000237f018e000 Exception <a 'java/lang/NoSuchMethodError'{0x00000000a84b81b8}: 'int java.lang.invoke.DirectMethodHandle$Holder.invokeVirtual(java.lang.Object, java.lang.Object, java.lang.Object)'> (0x00000000a84b81b8) thrown at [./src/hotspot/share/interpreter/linkResolver.cpp, line 773]
Event: 20.159 Thread 0x00000237f018e000 Exception <a 'java/lang/NoSuchMethodError'{0x00000000a84f7e38}: 'java.lang.Object java.lang.invoke.DirectMethodHandle$Holder.invokeSpecial(java.lang.Object, java.lang.Object, java.lang.Object, java.lang.Object, java.lang.Object, int)'> (0x00000000a84f7e38) thrown at [./src/hotspot/share/interpreter/linkResolver.cpp, line 773]
Event: 20.160 Thread 0x00000237f018e000 Exception <a 'java/lang/NoSuchMethodError'{0x00000000a84fb730}: 'java.lang.Object java.lang.invoke.Invokers$Holder.linkToTargetMethod(java.lang.Object, java.lang.Object, java.lang.Object, int, java.lang.Object)'> (0x00000000a84fb730) thrown at [./src/hotspot/share/interpreter/linkResolver.cpp, line 773]
Event: 20.268 Thread 0x00000237f018e000 Exception <a 'java/lang/NoSuchMethodError'{0x00000000a8244238}: 'void java.lang.invoke.DirectMethodHandle$Holder.invokeInterface(java.lang.Object, java.lang.Object)'> (0x00000000a8244238) thrown at [./src/hotspot/share/interpreter/linkResolver.cpp, line 773]
Event: 20.961 Thread 0x00000237f018e000 Exception <a 'java/lang/NoSuchMethodError'{0x00000000a75d9840}: 'java.lang.Object java.lang.invoke.DirectMethodHandle$Holder.invokeStaticInit(java.lang.Object, java.lang.Object, java.lang.Object)'> (0x00000000a75d9840) thrown at [./src/hotspot/share/interpreter/linkResolver.cpp, line 773]
Event: 21.024 Thread 0x00000237f018e000 Exception <a 'java/lang/NoSuchMethodError'{0x00000000a74abea0}: 'int java.lang.invoke.DirectMethodHandle$Holder.invokeStatic(java.lang.Object, java.lang.Object, java.lang.Object, java.lang.Object, java.lang.Object)'> (0x00000000a74abea0) thrown at [./src/hotspot/share/interpreter/linkResolver.cpp, line 773]

Events (20 events):
Event: 23.323 Executing VM operation: CGC_Operation
Event: 23.328 Executing VM operation: CGC_Operation done
Event: 23.341 loading class org/jetbrains/kotlin/com/intellij/psi/ExternallyDefinedPsiElement
Event: 23.341 loading class org/jetbrains/kotlin/com/intellij/psi/ExternallyDefinedPsiElement done
Event: 23.433 loading class org/jetbrains/kotlin/descriptors/impl/PropertyDescriptorImpl$CopyConfiguration
Event: 23.433 loading class org/jetbrains/kotlin/descriptors/impl/PropertyDescriptorImpl$CopyConfiguration done
Event: 23.525 loading class org/jetbrains/kotlin/resolve/lazy/descriptors/LazyClassDescriptor$4
Event: 23.525 loading class org/jetbrains/kotlin/resolve/lazy/descriptors/LazyClassDescriptor$4 done
Event: 23.545 loading class org/jetbrains/kotlin/psi/KtObjectDeclaration
Event: 23.545 loading class org/jetbrains/kotlin/psi/KtObjectDeclaration done
Event: 23.545 loading class org/jetbrains/kotlin/psi/KtObjectDeclaration
Event: 23.545 loading class org/jetbrains/kotlin/psi/KtObjectDeclaration done
Event: 23.545 loading class org/jetbrains/kotlin/psi/KtObjectDeclaration
Event: 23.545 loading class org/jetbrains/kotlin/psi/KtObjectDeclaration done
Event: 23.547 loading class org/jetbrains/kotlin/resolve/MemberComparator$NameAndTypeMemberComparator
Event: 23.547 loading class org/jetbrains/kotlin/resolve/MemberComparator$NameAndTypeMemberComparator done
Event: 23.552 loading class org/jetbrains/kotlin/resolve/scopes/DescriptorKindExclude$NonExtensions
Event: 23.552 loading class org/jetbrains/kotlin/resolve/scopes/DescriptorKindExclude$NonExtensions done
Event: 23.552 loading class org/jetbrains/kotlin/resolve/scopes/DescriptorKindExclude
Event: 23.552 loading class org/jetbrains/kotlin/resolve/scopes/DescriptorKindExclude done


Dynamic libraries:
0x00007ff6ca0a0000 - 0x00007ff6ca0aa000 	C:\Program Files\Android\Android Studio\jre\bin\java.exe
0x00007fff30900000 - 0x00007fff30b09000 	C:\WINDOWS\SYSTEM32\ntdll.dll
0x00007fff2f400000 - 0x00007fff2f4bd000 	C:\WINDOWS\System32\KERNEL32.DLL
0x00007fff2e100000 - 0x00007fff2e47d000 	C:\WINDOWS\System32\KERNELBASE.dll
0x00007fff2e5f0000 - 0x00007fff2e701000 	C:\WINDOWS\System32\ucrtbase.dll
0x00007ffefb040000 - 0x00007ffefb059000 	C:\Program Files\Android\Android Studio\jre\bin\jli.dll
0x00007fff2ff70000 - 0x00007fff3011d000 	C:\WINDOWS\System32\USER32.dll
0x00007fff2dde0000 - 0x00007fff2de06000 	C:\WINDOWS\System32\win32u.dll
0x00007fff154f0000 - 0x00007fff15795000 	C:\WINDOWS\WinSxS\amd64_microsoft.windows.common-controls_6595b64144ccf1df_6.0.22000.120_none_9d947278b86cc467\COMCTL32.dll
0x00007ffefb500000 - 0x00007ffefb517000 	C:\Program Files\Android\Android Studio\jre\bin\VCRUNTIME140.dll
0x00007fff2e9e0000 - 0x00007fff2ea09000 	C:\WINDOWS\System32\GDI32.dll
0x00007fff2f0f0000 - 0x00007fff2f193000 	C:\WINDOWS\System32\msvcrt.dll
0x00007fff2dfe0000 - 0x00007fff2e0f8000 	C:\WINDOWS\System32\gdi32full.dll
0x00007fff2de80000 - 0x00007fff2df1d000 	C:\WINDOWS\System32\msvcp_win.dll
0x00007fff30880000 - 0x00007fff308b1000 	C:\WINDOWS\System32\IMM32.DLL
0x00007ffed3db0000 - 0x00007ffed3e4d000 	C:\Program Files\Android\Android Studio\jre\bin\msvcp140.dll
0x00007ffe8ac10000 - 0x00007ffe8b6f5000 	C:\Program Files\Android\Android Studio\jre\bin\server\jvm.dll
0x00007fff30310000 - 0x00007fff303be000 	C:\WINDOWS\System32\ADVAPI32.dll
0x00007fff30270000 - 0x00007fff3030e000 	C:\WINDOWS\System32\sechost.dll
0x00007fff30140000 - 0x00007fff30260000 	C:\WINDOWS\System32\RPCRT4.dll
0x00007fff2e790000 - 0x00007fff2e798000 	C:\WINDOWS\System32\PSAPI.DLL
0x00007fff053c0000 - 0x00007fff053c9000 	C:\WINDOWS\SYSTEM32\WSOCK32.dll
0x00007fff2ee80000 - 0x00007fff2eeef000 	C:\WINDOWS\System32\WS2_32.dll
0x00007fff2b900000 - 0x00007fff2b933000 	C:\WINDOWS\SYSTEM32\WINMM.dll
0x00007fff25f90000 - 0x00007fff25f9a000 	C:\WINDOWS\SYSTEM32\VERSION.dll
0x00007fff2cea0000 - 0x00007fff2ceb8000 	C:\WINDOWS\SYSTEM32\kernel.appcore.dll
0x00007fff1f500000 - 0x00007fff1f511000 	C:\Program Files\Android\Android Studio\jre\bin\verify.dll
0x00007fff2b650000 - 0x00007fff2b871000 	C:\WINDOWS\SYSTEM32\DBGHELP.DLL
0x00007fff2b8c0000 - 0x00007fff2b8f1000 	C:\WINDOWS\SYSTEM32\dbgcore.DLL
0x00007fff2e710000 - 0x00007fff2e78f000 	C:\WINDOWS\System32\bcryptPrimitives.dll
0x00007fff1f4d0000 - 0x00007fff1f4f9000 	C:\Program Files\Android\Android Studio\jre\bin\java.dll
0x00007fff29fa0000 - 0x00007fff29fab000 	C:\Program Files\Android\Android Studio\jre\bin\jimage.dll
0x00007fff1e5d0000 - 0x00007fff1e5e8000 	C:\Program Files\Android\Android Studio\jre\bin\zip.dll
0x00007fff2f4c0000 - 0x00007fff2fc78000 	C:\WINDOWS\System32\SHELL32.dll
0x00007fff2bf10000 - 0x00007fff2c778000 	C:\WINDOWS\SYSTEM32\windows.storage.dll
0x00007fff303c0000 - 0x00007fff30739000 	C:\WINDOWS\System32\combase.dll
0x00007fff2bda0000 - 0x00007fff2bf06000 	C:\WINDOWS\SYSTEM32\wintypes.dll
0x00007fff2e7c0000 - 0x00007fff2e8aa000 	C:\WINDOWS\System32\SHCORE.dll
0x00007fff2fe20000 - 0x00007fff2fe7d000 	C:\WINDOWS\System32\shlwapi.dll
0x00007fff2dd10000 - 0x00007fff2dd31000 	C:\WINDOWS\SYSTEM32\profapi.dll
0x00007fff1a600000 - 0x00007fff1a61a000 	C:\Program Files\Android\Android Studio\jre\bin\net.dll
0x00007fff26c40000 - 0x00007fff26d4c000 	C:\WINDOWS\SYSTEM32\WINHTTP.dll
0x00007fff2d2f0000 - 0x00007fff2d357000 	C:\WINDOWS\system32\mswsock.dll
0x00007fff1a5e0000 - 0x00007fff1a5f4000 	C:\Program Files\Android\Android Studio\jre\bin\nio.dll

dbghelp: loaded successfully - version: 4.0.5 - missing functions: none
symbol engine: initialized successfully - sym options: 0x614 - pdb path: .;C:\Program Files\Android\Android Studio\jre\bin;C:\WINDOWS\SYSTEM32;C:\WINDOWS\WinSxS\amd64_microsoft.windows.common-controls_6595b64144ccf1df_6.0.22000.120_none_9d947278b86cc467;C:\Program Files\Android\Android Studio\jre\bin\server

VM Arguments:
java_command: org.jetbrains.kotlin.cli.jvm.K2JVMCompiler @C:\Users\samee\Desktop\banking-app\Learn-React-Native\node_modules\react-native-gesture-handler\android\build\20221027_9401475840046843753.compiler.options
java_class_path (initial): C:\Users\samee\.gradle\caches\modules-2\files-2.1\org.jetbrains.kotlin\kotlin-compiler-embeddable\1.6.21\97bdd5a752ce73b58ef16c17bc7f0ea2faff7a2e\kotlin-compiler-embeddable-1.6.21.jar;C:\Users\samee\.gradle\caches\modules-2\files-2.1\org.jetbrains.kotlin\kotlin-reflect\1.6.21\5dc3574d9b7bebfcb4ec6b10ada4aaa9e140bd0b\kotlin-reflect-1.6.21.jar;C:\Users\samee\.gradle\caches\modules-2\files-2.1\org.jetbrains.kotlin\kotlin-stdlib\1.6.21\11ef67f1900634fd951bad28c53ec957fabbe5b8\kotlin-stdlib-1.6.21.jar;C:\Users\samee\.gradle\caches\modules-2\files-2.1\org.jetbrains.kotlin\kotlin-script-runtime\1.6.21\99c6675100da5d6d5b1c5a1032f27f28008d101b\kotlin-script-runtime-1.6.21.jar;C:\Users\samee\.gradle\caches\modules-2\files-2.1\org.jetbrains.kotlin\kotlin-daemon-embeddable\1.6.21\46b78cf392e1c4f10854c3cadba44abb7b82250f\kotlin-daemon-embeddable-1.6.21.jar;C:\Users\samee\.gradle\caches\modules-2\files-2.1\org.jetbrains.intellij.deps\trove4j\1.0.20200330\3afb14d5f9ceb459d724e907a21145e8ff394f02\trove4j-1.0.20200330.jar;C:\Users\samee\.gradle\caches\modules-2\files-2.1\net.java.dev.jna\jna\5.6.0\330f2244e9030119ab3030fc3fededc86713d9cc\jna-5.6.0.jar;C:\Users\samee\.gradle\caches\modules-2\files-2.1\org.jetbrains.kotlin\kotlin-stdlib-common\1.6.21\5e5b55c26dbc80372a920aef60eb774b714559b8\kotlin-stdlib-common-1.6.21.jar;C:\Users\samee\.gradle\caches\modules-2\files-2.1\org.jetbrains\annotations\13.0\919f0dfe192fb4e063e7dacadee7f8bb9a2672a9\annotations-13.0.jar
Launcher Type: SUN_STANDARD

[Global flags]
     intx CICompilerCount                          = 4                                         {product} {ergonomic}
     uint ConcGCThreads                            = 3                                         {product} {ergonomic}
     uint G1ConcRefinementThreads                  = 10                                        {product} {ergonomic}
   size_t G1HeapRegionSize                         = 1048576                                   {product} {ergonomic}
    uintx GCDrainStackTargetSize                   = 64                                        {product} {ergonomic}
   size_t InitialHeapSize                          = 98566144                                  {product} {ergonomic}
   size_t MarkStackSize                            = 4194304                                   {product} {ergonomic}
   size_t MaxHeapSize                              = 1574961152                                {product} {ergonomic}
   size_t MaxNewSize                               = 944766976                                 {product} {ergonomic}
   size_t MinHeapDeltaBytes                        = 1048576                                   {product} {ergonomic}
    uintx NonNMethodCodeHeapSize                   = 5836300                                {pd product} {ergonomic}
    uintx NonProfiledCodeHeapSize                  = 122910970                              {pd product} {ergonomic}
    uintx ProfiledCodeHeapSize                     = 122910970                              {pd product} {ergonomic}
    uintx ReservedCodeCacheSize                    = 251658240                              {pd product} {ergonomic}
     bool SegmentedCodeCache                       = true                                      {product} {ergonomic}
     bool UseCompressedClassPointers               = true                                 {lp64_product} {ergonomic}
     bool UseCompressedOops                        = true                                 {lp64_product} {ergonomic}
     bool UseG1GC                                  = true                                      {product} {ergonomic}
     bool UseLargePagesIndividualAllocation        = false                                  {pd product} {ergonomic}

Logging:
Log output configuration:
 #0: stdout all=warning uptime,level,tags
 #1: stderr all=off uptime,level,tags

Environment Variables:
JAVA_HOME=C:\Program Files\Java\jdk-17.0.4.1
PATH=C:\Program Files\Common Files\Oracle\Java\javapath;C:\Python310\Scripts\;C:\Python310\;C:\WINDOWS\system32;C:\WINDOWS;C:\WINDOWS\System32\Wbem;C:\WINDOWS\System32\WindowsPowerShell\v1.0\;C:\WINDOWS\System32\OpenSSH\;C:\ProgramData\chocolatey\bin;C:\Program Files\Git\cmd;C:\Program Files\Docker\Docker\resources\bin;C:\ProgramData\DockerDesktop\version-bin;C:\Users\samee\;C:\Program Files\OpenJDK\openjdk-11.0.16_8\bin;C:\Program Files\Java\jdk-17.0.4.1\bin;C:\Program Files\dotnet\;C:\Users\samee\.cargo\bin;C:\Users\samee\AppData\Local\Microsoft\WindowsApps;C:\Users\samee\AppData\Local\Programs\Microsoft VS Code\bin;C:\Program Files\MongoDB\Server\5.0\bin;C:\Program Files\Java\jdk-18.0.2\bin;C:\Users\samee\AppData\Roaming\npm;C:\Users\samee\AppData\Local\Android\Sdk\platform-tools;C:\Users\samee\.dotnet\tools
USERNAME=samee
OS=Windows_NT
PROCESSOR_IDENTIFIER=AMD64 Family 23 Model 104 Stepping 1, AuthenticAMD



---------------  S Y S T E M  ---------------

OS: Windows 10 , 64 bit Build 22000 (10.0.22000.708)
OS uptime: 1 days 12:16 hours
Hyper-V role detected

CPU:total 12 (initial active 12) (12 cores per cpu, 2 threads per core) family 23 model 104 stepping 1 microcode 0x0, cmov, cx8, fxsr, mmx, sse, sse2, sse3, ssse3, sse4.1, sse4.2, popcnt, avx, avx2, aes, clmul, mmxext, 3dnowpref, lzcnt, sse4a, ht, tsc, tscinvbit, tscinv, bmi1, bmi2, adx, sha, fma

Memory: 4k page, system-wide physical 6005M (5M free)
TotalPageFile size 24437M (AvailPageFile size 0M)
current process WorkingSet (physical memory assigned to process): 229M, peak: 234M
current process commit charge ("private bytes"): 299M, peak: 313M

vm_info: OpenJDK 64-Bit Server VM (11.0.12+7-b1504.28-7817840) for windows-amd64 JRE (11.0.12+7-b1504.28-7817840), built on Oct 13 2021 22:12:33 by "builder" with MS VC++ 14.0 (VS2015)

END.
